Traceback (most recent call last):
  File "C:\Users\User\AppData\Local\Programs\Python\Python312\Lib\site-packages\jupyter_cache\executors\utils.py", line 58, in single_nb_execution
    executenb(
  File "C:\Users\User\AppData\Local\Programs\Python\Python312\Lib\site-packages\nbclient\client.py", line 1314, in execute
    return NotebookClient(nb=nb, resources=resources, km=km, **kwargs).execute()
           ^^^^^^^^^^^^^^^^^^^^^^^^^^^^^^^^^^^^^^^^^^^^^^^^^^^^^^^^^^^^^^^^^^^^^
  File "C:\Users\User\AppData\Local\Programs\Python\Python312\Lib\site-packages\jupyter_core\utils\__init__.py", line 165, in wrapped
    return loop.run_until_complete(inner)
           ^^^^^^^^^^^^^^^^^^^^^^^^^^^^^^
  File "C:\Users\User\AppData\Local\Programs\Python\Python312\Lib\asyncio\base_events.py", line 687, in run_until_complete
    return future.result()
           ^^^^^^^^^^^^^^^
  File "C:\Users\User\AppData\Local\Programs\Python\Python312\Lib\site-packages\nbclient\client.py", line 709, in async_execute
    await self.async_execute_cell(
  File "C:\Users\User\AppData\Local\Programs\Python\Python312\Lib\site-packages\nbclient\client.py", line 1062, in async_execute_cell
    await self._check_raise_for_error(cell, cell_index, exec_reply)
  File "C:\Users\User\AppData\Local\Programs\Python\Python312\Lib\site-packages\nbclient\client.py", line 918, in _check_raise_for_error
    raise CellExecutionError.from_cell_and_msg(cell, exec_reply_content)
nbclient.exceptions.CellExecutionError: An error occurred while executing the following cell:
------------------
import seaborn as sns
# Menghitung korelasi antar fitur untuk subset yang diinginkan
features = data_df[['Temperature', ' RH', ' Ws', 'Rain ', 'FFMC', 'DMC', 'DC', 'ISI', 'BUI', 'FWI', 'Classes  ']]
correlation_matrix = features.corr()

# Menampilkan matriks korelasi
print("Matriks Korelasi:")
print(correlation_matrix)

# Menggambar heatmap untuk visualisasi korelasi
plt.figure(figsize=(10, 6))
plt.title("Heatmap Korelasi antar Fitur")
sns.heatmap(correlation_matrix, annot=True, cmap='coolwarm', fmt=".2f")
plt.show()
------------------


[1;31m---------------------------------------------------------------------------[0m
[1;31mModuleNotFoundError[0m                       Traceback (most recent call last)
Cell [1;32mIn[6], line 1[0m
[1;32m----> 1[0m [38;5;28;01mimport[39;00m [38;5;21;01mseaborn[39;00m [38;5;28;01mas[39;00m [38;5;21;01msns[39;00m
[0;32m      2[0m [38;5;66;03m# Menghitung korelasi antar fitur untuk subset yang diinginkan[39;00m
[0;32m      3[0m features [38;5;241m=[39m data_df[[[38;5;124m'[39m[38;5;124mTemperature[39m[38;5;124m'[39m, [38;5;124m'[39m[38;5;124m RH[39m[38;5;124m'[39m, [38;5;124m'[39m[38;5;124m Ws[39m[38;5;124m'[39m, [38;5;124m'[39m[38;5;124mRain [39m[38;5;124m'[39m, [38;5;124m'[39m[38;5;124mFFMC[39m[38;5;124m'[39m, [38;5;124m'[39m[38;5;124mDMC[39m[38;5;124m'[39m, [38;5;124m'[39m[38;5;124mDC[39m[38;5;124m'[39m, [38;5;124m'[39m[38;5;124mISI[39m[38;5;124m'[39m, [38;5;124m'[39m[38;5;124mBUI[39m[38;5;124m'[39m, [38;5;124m'[39m[38;5;124mFWI[39m[38;5;124m'[39m, [38;5;124m'[39m[38;5;124mClasses  [39m[38;5;124m'[39m]]

[1;31mModuleNotFoundError[0m: No module named 'seaborn'

